Rasa process starting
Restoring parameters from models/current/nlu/intent_classifier_tensorflow_embedding.ckpt
Rasa Core server is up and running on http://localhost:5005
DEBUG:rasa_core.training.generator:Generated trackers will be deduplicated based on their unique last 6 states.
DEBUG:rasa_core.training.generator:Number of augmentation rounds is 3
DEBUG:rasa_core.training.generator:Starting data generation round 0 ... (with 1 trackers)
DEBUG:rasa_core.training.generator:Finished phase (14 training samples found).
DEBUG:rasa_core.training.generator:Data generation rounds finished.
DEBUG:rasa_core.training.generator:Found 0 unused checkpoints
DEBUG:rasa_core.training.generator:Starting augmentation round 0 ... (with 14 trackers)
DEBUG:rasa_core.training.generator:Finished phase (210 training samples found).
DEBUG:rasa_core.training.generator:Starting augmentation round 1 ... (with 20 trackers)
DEBUG:rasa_core.training.generator:Finished phase (462 training samples found).
DEBUG:rasa_core.training.generator:Starting augmentation round 2 ... (with 20 trackers)
DEBUG:rasa_core.training.generator:Finished phase (729 training samples found).
DEBUG:rasa_core.training.generator:Found 729 training trackers.
DEBUG:rasa_core.agent:Agent trainer got kwargs: {}
DEBUG:rasa_core.featurizers:Creating states and action examples from collected trackers (by MaxHistoryTrackerFeaturizer(BinarySingleStateFeaturizer))...
DEBUG:rasa_core.featurizers:Created 1529 action examples.
DEBUG:rasa_core.policies.keras_policy:None
INFO:rasa_core.policies.keras_policy:Fitting model with 1529 total samples and a validation split of 0.1
DEBUG:rasa_core.policies.policy:Parameters ignored by `model.fit(...)`: {}
INFO:rasa_core.policies.keras_policy:Done fitting keras policy model
DEBUG:rasa_core.featurizers:Creating states and action examples from collected trackers (by MaxHistoryTrackerFeaturizer(SingleStateFeaturizer))...
DEBUG:rasa_core.featurizers:Created 1529 action examples.
DEBUG:rasa_core.policies.memoization:Memorized 1519 unique examples.
DEBUG:rasa_core.featurizers:Creating states and action examples from collected trackers (by MaxHistoryTrackerFeaturizer(SingleStateFeaturizer))...
DEBUG:rasa_core.featurizers:Created 372 action examples.
DEBUG:rasa_core.policies.memoization:Memorized 0 unique examples.
INFO:rasa_core.agent:Model directory ./models/dialogue exists and contains old model files. All files will be overwritten.
INFO:rasa_core.agent:Persisted model to '/Users/romiljain/applications/chatbot/ibot/models/dialogue'
INFO:tensorflow:Restoring parameters from ./models/current/nlu/intent_classifier_tensorflow_embedding.ckpt
DEBUG:rasa_core.tracker_store:Creating a new tracker for id 'UH5N3KP9B'.
DEBUG:rasa_core.processor:Received user message 'Hi' with intent '{'name': 'greet', 'confidence': 0.934786856174469}' and entities '[]'
DEBUG:rasa_core.processor:Logged UserUtterance - tracker now has 2 events
DEBUG:rasa_core.processor:Current slot values: 
	device_name: None
	model_name: None
	notify_problem: None
	problem_type: None
DEBUG:rasa_core.policies.memoization:Current tracker state [None, None, None, None, {}, {'intent_greet': 1.0, 'prev_action_listen': 1.0}]
DEBUG:rasa_core.policies.memoization:There is a memorised next action '9'
DEBUG:rasa_core.policies.form_policy:There is no active form
DEBUG:rasa_core.policies.ensemble:Predicted next action using policy_1_MemoizationPolicy
DEBUG:rasa_core.processor:Predicted next action 'utter_greet' with prob 1.00.
DEBUG:rasa_core.processor:Action 'utter_greet' ended with events '[]'
DEBUG:rasa_core.processor:Bot utterance 'BotUttered(text: Hello, How are you doing?, data: {
  "elements": null,
  "buttons": null,
  "attachment": null
})'
DEBUG:rasa_core.policies.memoization:Current tracker state [None, None, None, {}, {'intent_greet': 1.0, 'prev_action_listen': 1.0}, {'intent_greet': 1.0, 'prev_utter_greet': 1.0}]
DEBUG:rasa_core.policies.memoization:There is a memorised next action '0'
DEBUG:rasa_core.policies.form_policy:There is no active form
DEBUG:rasa_core.policies.ensemble:Predicted next action using policy_1_MemoizationPolicy
DEBUG:rasa_core.processor:Predicted next action 'action_listen' with prob 1.00.
DEBUG:rasa_core.processor:Action 'action_listen' ended with events '[]'
DEBUG:rasa_core.tracker_store:Recreating tracker for id 'UH5N3KP9B'
DEBUG:rasa_core.processor:Received user message 'I am good, How are you?' with intent '{'name': 'fine_ask', 'confidence': 0.9595197439193726}' and entities '[]'
DEBUG:rasa_core.processor:Logged UserUtterance - tracker now has 6 events
DEBUG:rasa_core.processor:Current slot values: 
	device_name: None
	model_name: None
	notify_problem: None
	problem_type: None
DEBUG:rasa_core.policies.memoization:Current tracker state [None, None, {}, {'intent_greet': 1.0, 'prev_action_listen': 1.0}, {'intent_greet': 1.0, 'prev_utter_greet': 1.0}, {'intent_fine_ask': 1.0, 'prev_action_listen': 1.0}]
DEBUG:rasa_core.policies.memoization:There is a memorised next action '11'
DEBUG:rasa_core.policies.form_policy:There is no active form
DEBUG:rasa_core.policies.ensemble:Predicted next action using policy_1_MemoizationPolicy
DEBUG:rasa_core.processor:Predicted next action 'utter_reply' with prob 1.00.
DEBUG:rasa_core.processor:Action 'utter_reply' ended with events '[]'
DEBUG:rasa_core.processor:Bot utterance 'BotUttered(text: I'm doing great. Please let me know what I can do for you., data: {
  "elements": null,
  "buttons": null,
  "attachment": null
})'
DEBUG:rasa_core.policies.memoization:Current tracker state [None, {}, {'intent_greet': 1.0, 'prev_action_listen': 1.0}, {'intent_greet': 1.0, 'prev_utter_greet': 1.0}, {'intent_fine_ask': 1.0, 'prev_action_listen': 1.0}, {'prev_utter_reply': 1.0, 'intent_fine_ask': 1.0}]
DEBUG:rasa_core.policies.memoization:There is a memorised next action '0'
DEBUG:rasa_core.policies.form_policy:There is no active form
DEBUG:rasa_core.policies.ensemble:Predicted next action using policy_1_MemoizationPolicy
DEBUG:rasa_core.processor:Predicted next action 'action_listen' with prob 1.00.
DEBUG:rasa_core.processor:Action 'action_listen' ended with events '[]'
DEBUG:rasa_core.tracker_store:Recreating tracker for id 'UH5N3KP9B'
DEBUG:rasa_core.processor:Received user message 'stop' with intent '{'name': None, 'confidence': 0.0}' and entities '[]'
DEBUG:rasa_core.processor:Logged UserUtterance - tracker now has 10 events
DEBUG:rasa_core.processor:Current slot values: 
	device_name: None
	model_name: None
	notify_problem: None
	problem_type: None
DEBUG:rasa_core.policies.memoization:Current tracker state [{}, {'intent_greet': 1.0, 'prev_action_listen': 1.0}, {'intent_greet': 1.0, 'prev_utter_greet': 1.0}, {'intent_fine_ask': 1.0, 'prev_action_listen': 1.0}, {'prev_utter_reply': 1.0, 'intent_fine_ask': 1.0}, {'prev_action_listen': 1.0}]
DEBUG:rasa_core.policies.memoization:There is no memorised next action
DEBUG:rasa_core.policies.fallback:NLU confidence 0.0 is lower than NLU threshold 0.1. 
DEBUG:rasa_core.policies.form_policy:There is no active form
DEBUG:rasa_core.policies.ensemble:Predicted next action using policy_2_FallbackPolicy
DEBUG:rasa_core.processor:Predicted next action 'utter_default' with prob 1.00.
DEBUG:rasa_core.processor:Action 'utter_default' ended with events '[]'
DEBUG:rasa_core.processor:Bot utterance 'BotUttered(text: I am not sure what you're aiming for, data: {
  "elements": null,
  "buttons": null,
  "attachment": null
})'
DEBUG:rasa_core.policies.memoization:Current tracker state [{'intent_greet': 1.0, 'prev_action_listen': 1.0}, {'intent_greet': 1.0, 'prev_utter_greet': 1.0}, {'intent_fine_ask': 1.0, 'prev_action_listen': 1.0}, {'prev_utter_reply': 1.0, 'intent_fine_ask': 1.0}, {'prev_action_listen': 1.0}, {'prev_utter_default': 1.0}]
DEBUG:rasa_core.policies.memoization:There is no memorised next action
DEBUG:rasa_core.policies.form_policy:There is no active form
DEBUG:rasa_core.policies.ensemble:Predicted next action using policy_2_FallbackPolicy
DEBUG:rasa_core.processor:Predicted next action 'action_listen' with prob 1.00.
DEBUG:rasa_core.processor:Action 'action_listen' ended with events '[]'
DEBUG:rasa_core.tracker_store:Recreating tracker for id 'UH5N3KP9B'
DEBUG:rasa_core.processor:Received user message 'I am facing problem with my iPhone' with intent '{'name': 'device_issue', 'confidence': 0.9635432958602905}' and entities '[{'start': 12, 'end': 19, 'value': 'problem', 'entity': 'notify_problem', 'confidence': 0.8617699904027488, 'extractor': 'ner_crf'}, {'start': 28, 'end': 34, 'value': 'iPhone', 'entity': 'device_name', 'confidence': 0.9564628259266136, 'extractor': 'ner_crf'}]'
DEBUG:rasa_core.processor:Logged UserUtterance - tracker now has 16 events
DEBUG:rasa_core.processor:Current slot values: 
	device_name: iPhone
	model_name: None
	notify_problem: problem
	problem_type: None
DEBUG:rasa_core.policies.memoization:Current tracker state [{'intent_greet': 1.0, 'prev_utter_greet': 1.0}, {'intent_fine_ask': 1.0, 'prev_action_listen': 1.0}, {'prev_utter_reply': 1.0, 'intent_fine_ask': 1.0}, {'prev_action_listen': 1.0}, {'prev_utter_default': 1.0}, {'slot_device_name_0': 1.0, 'slot_notify_problem_0': 1.0, 'entity_device_name': 1.0, 'entity_notify_problem': 1.0, 'prev_action_listen': 1.0, 'intent_device_issue': 1.0}]
DEBUG:rasa_core.policies.memoization:There is no memorised next action
DEBUG:rasa_core.policies.form_policy:There is no active form
DEBUG:rasa_core.policies.ensemble:Predicted next action using policy_0_KerasPolicy
DEBUG:rasa_core.processor:Predicted next action 'utter_ofc' with prob 1.00.
DEBUG:rasa_core.processor:Action 'utter_ofc' ended with events '[]'
DEBUG:rasa_core.processor:Bot utterance 'BotUttered(text: I can definitely help you, data: {
  "elements": null,
  "buttons": null,
  "attachment": null
})'
DEBUG:rasa_core.policies.memoization:Current tracker state [{'intent_fine_ask': 1.0, 'prev_action_listen': 1.0}, {'prev_utter_reply': 1.0, 'intent_fine_ask': 1.0}, {'prev_action_listen': 1.0}, {'prev_utter_default': 1.0}, {'slot_device_name_0': 1.0, 'slot_notify_problem_0': 1.0, 'entity_device_name': 1.0, 'entity_notify_problem': 1.0, 'prev_action_listen': 1.0, 'intent_device_issue': 1.0}, {'slot_device_name_0': 1.0, 'slot_notify_problem_0': 1.0, 'entity_device_name': 1.0, 'entity_notify_problem': 1.0, 'prev_utter_ofc': 1.0, 'intent_device_issue': 1.0}]
DEBUG:rasa_core.policies.memoization:There is no memorised next action
DEBUG:rasa_core.policies.form_policy:There is no active form
DEBUG:rasa_core.policies.ensemble:Predicted next action using policy_0_KerasPolicy
DEBUG:rasa_core.processor:Predicted next action 'utter_device_model' with prob 1.00.
DEBUG:rasa_core.processor:Action 'utter_device_model' ended with events '[]'
DEBUG:rasa_core.processor:Bot utterance 'BotUttered(text: May I know the model of your iPhone?, data: {
  "elements": null,
  "buttons": null,
  "attachment": null
})'
DEBUG:rasa_core.policies.memoization:Current tracker state [{'prev_utter_reply': 1.0, 'intent_fine_ask': 1.0}, {'prev_action_listen': 1.0}, {'prev_utter_default': 1.0}, {'slot_device_name_0': 1.0, 'slot_notify_problem_0': 1.0, 'entity_device_name': 1.0, 'entity_notify_problem': 1.0, 'prev_action_listen': 1.0, 'intent_device_issue': 1.0}, {'slot_device_name_0': 1.0, 'slot_notify_problem_0': 1.0, 'entity_device_name': 1.0, 'entity_notify_problem': 1.0, 'prev_utter_ofc': 1.0, 'intent_device_issue': 1.0}, {'slot_device_name_0': 1.0, 'slot_notify_problem_0': 1.0, 'entity_device_name': 1.0, 'entity_notify_problem': 1.0, 'prev_utter_device_model': 1.0, 'intent_device_issue': 1.0}]
DEBUG:rasa_core.policies.memoization:There is no memorised next action
DEBUG:rasa_core.policies.form_policy:There is no active form
DEBUG:rasa_core.policies.ensemble:Predicted next action using policy_0_KerasPolicy
DEBUG:rasa_core.processor:Predicted next action 'action_listen' with prob 1.00.
DEBUG:rasa_core.processor:Action 'action_listen' ended with events '[]'
DEBUG:rasa_core.tracker_store:Recreating tracker for id 'UH5N3KP9B'
DEBUG:rasa_core.processor:Received user message 'It is iPhone 5s' with intent '{'name': 'device_model', 'confidence': 0.9471051692962646}' and entities '[{'start': 6, 'end': 15, 'value': 'iPhone 5s', 'entity': 'model_name', 'confidence': 0.4599469640023339, 'extractor': 'ner_crf'}]'
DEBUG:rasa_core.processor:Logged UserUtterance - tracker now has 23 events
DEBUG:rasa_core.processor:Current slot values: 
	device_name: iPhone
	model_name: iPhone 5s
	notify_problem: problem
	problem_type: None
DEBUG:rasa_core.policies.memoization:Current tracker state [{'prev_action_listen': 1.0}, {'prev_utter_default': 1.0}, {'slot_device_name_0': 1.0, 'slot_notify_problem_0': 1.0, 'entity_device_name': 1.0, 'entity_notify_problem': 1.0, 'prev_action_listen': 1.0, 'intent_device_issue': 1.0}, {'slot_device_name_0': 1.0, 'slot_notify_problem_0': 1.0, 'entity_device_name': 1.0, 'entity_notify_problem': 1.0, 'prev_utter_ofc': 1.0, 'intent_device_issue': 1.0}, {'slot_device_name_0': 1.0, 'slot_notify_problem_0': 1.0, 'entity_device_name': 1.0, 'entity_notify_problem': 1.0, 'prev_utter_device_model': 1.0, 'intent_device_issue': 1.0}, {'slot_device_name_0': 1.0, 'slot_notify_problem_0': 1.0, 'slot_model_name_0': 1.0, 'intent_device_model': 1.0, 'entity_model_name': 1.0, 'prev_action_listen': 1.0}]
DEBUG:rasa_core.policies.memoization:There is no memorised next action
DEBUG:rasa_core.policies.form_policy:There is no active form
DEBUG:rasa_core.policies.ensemble:Predicted next action using policy_0_KerasPolicy
DEBUG:rasa_core.processor:Predicted next action 'utter_year' with prob 1.00.
DEBUG:rasa_core.processor:Action 'utter_year' ended with events '[]'
DEBUG:rasa_core.processor:Bot utterance 'BotUttered(text: Thanks. May I also know the Year of Purchase?, data: {
  "elements": null,
  "buttons": null,
  "attachment": null
})'
DEBUG:rasa_core.policies.memoization:Current tracker state [{'prev_utter_default': 1.0}, {'slot_device_name_0': 1.0, 'slot_notify_problem_0': 1.0, 'entity_device_name': 1.0, 'entity_notify_problem': 1.0, 'prev_action_listen': 1.0, 'intent_device_issue': 1.0}, {'slot_device_name_0': 1.0, 'slot_notify_problem_0': 1.0, 'entity_device_name': 1.0, 'entity_notify_problem': 1.0, 'prev_utter_ofc': 1.0, 'intent_device_issue': 1.0}, {'slot_device_name_0': 1.0, 'slot_notify_problem_0': 1.0, 'entity_device_name': 1.0, 'entity_notify_problem': 1.0, 'prev_utter_device_model': 1.0, 'intent_device_issue': 1.0}, {'slot_device_name_0': 1.0, 'slot_notify_problem_0': 1.0, 'slot_model_name_0': 1.0, 'intent_device_model': 1.0, 'entity_model_name': 1.0, 'prev_action_listen': 1.0}, {'slot_device_name_0': 1.0, 'slot_notify_problem_0': 1.0, 'prev_utter_year': 1.0, 'slot_model_name_0': 1.0, 'intent_device_model': 1.0, 'entity_model_name': 1.0}]
DEBUG:rasa_core.policies.memoization:There is no memorised next action
DEBUG:rasa_core.policies.form_policy:There is no active form
DEBUG:rasa_core.policies.ensemble:Predicted next action using policy_0_KerasPolicy
DEBUG:rasa_core.processor:Predicted next action 'action_listen' with prob 1.00.
DEBUG:rasa_core.processor:Action 'action_listen' ended with events '[]'
DEBUG:rasa_core.tracker_store:Recreating tracker for id 'UH5N3KP9B'
DEBUG:rasa_core.processor:Received user message '2017' with intent '{'name': 'buy_year', 'confidence': 0.97223299741745}' and entities '[]'
DEBUG:rasa_core.processor:Logged UserUtterance - tracker now has 27 events
DEBUG:rasa_core.processor:Current slot values: 
	device_name: iPhone
	model_name: iPhone 5s
	notify_problem: problem
	problem_type: None
DEBUG:rasa_core.policies.memoization:Current tracker state [{'slot_device_name_0': 1.0, 'slot_notify_problem_0': 1.0, 'entity_device_name': 1.0, 'entity_notify_problem': 1.0, 'prev_action_listen': 1.0, 'intent_device_issue': 1.0}, {'slot_device_name_0': 1.0, 'slot_notify_problem_0': 1.0, 'entity_device_name': 1.0, 'entity_notify_problem': 1.0, 'prev_utter_ofc': 1.0, 'intent_device_issue': 1.0}, {'slot_device_name_0': 1.0, 'slot_notify_problem_0': 1.0, 'entity_device_name': 1.0, 'entity_notify_problem': 1.0, 'prev_utter_device_model': 1.0, 'intent_device_issue': 1.0}, {'slot_device_name_0': 1.0, 'slot_notify_problem_0': 1.0, 'slot_model_name_0': 1.0, 'intent_device_model': 1.0, 'entity_model_name': 1.0, 'prev_action_listen': 1.0}, {'slot_device_name_0': 1.0, 'slot_notify_problem_0': 1.0, 'prev_utter_year': 1.0, 'slot_model_name_0': 1.0, 'intent_device_model': 1.0, 'entity_model_name': 1.0}, {'slot_device_name_0': 1.0, 'slot_notify_problem_0': 1.0, 'slot_model_name_0': 1.0, 'intent_buy_year': 1.0, 'prev_action_listen': 1.0}]
DEBUG:rasa_core.policies.memoization:There is a memorised next action '15'
DEBUG:rasa_core.policies.form_policy:There is no active form
DEBUG:rasa_core.policies.ensemble:Predicted next action using policy_1_MemoizationPolicy
DEBUG:rasa_core.processor:Predicted next action 'utter_issue_damage' with prob 1.00.
DEBUG:rasa_core.processor:Action 'utter_issue_damage' ended with events '[]'
DEBUG:rasa_core.processor:Bot utterance 'BotUttered(text: Thank you so much for the details, So what exactly is the problem here?, data: {
  "elements": null,
  "buttons": null,
  "attachment": null
})'
DEBUG:rasa_core.policies.memoization:Current tracker state [{'slot_device_name_0': 1.0, 'slot_notify_problem_0': 1.0, 'entity_device_name': 1.0, 'entity_notify_problem': 1.0, 'prev_utter_ofc': 1.0, 'intent_device_issue': 1.0}, {'slot_device_name_0': 1.0, 'slot_notify_problem_0': 1.0, 'entity_device_name': 1.0, 'entity_notify_problem': 1.0, 'prev_utter_device_model': 1.0, 'intent_device_issue': 1.0}, {'slot_device_name_0': 1.0, 'slot_notify_problem_0': 1.0, 'slot_model_name_0': 1.0, 'intent_device_model': 1.0, 'entity_model_name': 1.0, 'prev_action_listen': 1.0}, {'slot_device_name_0': 1.0, 'slot_notify_problem_0': 1.0, 'prev_utter_year': 1.0, 'slot_model_name_0': 1.0, 'intent_device_model': 1.0, 'entity_model_name': 1.0}, {'slot_device_name_0': 1.0, 'slot_notify_problem_0': 1.0, 'slot_model_name_0': 1.0, 'intent_buy_year': 1.0, 'prev_action_listen': 1.0}, {'slot_device_name_0': 1.0, 'slot_notify_problem_0': 1.0, 'slot_model_name_0': 1.0, 'prev_utter_issue_damage': 1.0, 'intent_buy_year': 1.0}]
DEBUG:rasa_core.policies.memoization:There is a memorised next action '0'
DEBUG:rasa_core.policies.form_policy:There is no active form
DEBUG:rasa_core.policies.ensemble:Predicted next action using policy_1_MemoizationPolicy
DEBUG:rasa_core.processor:Predicted next action 'action_listen' with prob 1.00.
DEBUG:rasa_core.processor:Action 'action_listen' ended with events '[]'
DEBUG:rasa_core.tracker_store:Recreating tracker for id 'UH5N3KP9B'
DEBUG:rasa_core.processor:Received user message 'I can't see anything on the screen' with intent '{'name': 'prob_device_screen', 'confidence': 0.9594378471374512}' and entities '[]'
DEBUG:rasa_core.processor:Logged UserUtterance - tracker now has 31 events
DEBUG:rasa_core.processor:Current slot values: 
	device_name: iPhone
	model_name: iPhone 5s
	notify_problem: problem
	problem_type: None
DEBUG:rasa_core.policies.memoization:Current tracker state [{'slot_device_name_0': 1.0, 'slot_notify_problem_0': 1.0, 'entity_device_name': 1.0, 'entity_notify_problem': 1.0, 'prev_utter_device_model': 1.0, 'intent_device_issue': 1.0}, {'slot_device_name_0': 1.0, 'slot_notify_problem_0': 1.0, 'slot_model_name_0': 1.0, 'intent_device_model': 1.0, 'entity_model_name': 1.0, 'prev_action_listen': 1.0}, {'slot_device_name_0': 1.0, 'slot_notify_problem_0': 1.0, 'prev_utter_year': 1.0, 'slot_model_name_0': 1.0, 'intent_device_model': 1.0, 'entity_model_name': 1.0}, {'slot_device_name_0': 1.0, 'slot_notify_problem_0': 1.0, 'slot_model_name_0': 1.0, 'intent_buy_year': 1.0, 'prev_action_listen': 1.0}, {'slot_device_name_0': 1.0, 'slot_notify_problem_0': 1.0, 'slot_model_name_0': 1.0, 'prev_utter_issue_damage': 1.0, 'intent_buy_year': 1.0}, {'intent_prob_device_screen': 1.0, 'slot_device_name_0': 1.0, 'slot_notify_problem_0': 1.0, 'slot_model_name_0': 1.0, 'prev_action_listen': 1.0}]
DEBUG:rasa_core.policies.memoization:There is no memorised next action
DEBUG:rasa_core.policies.form_policy:There is no active form
DEBUG:rasa_core.policies.ensemble:Predicted next action using policy_0_KerasPolicy
DEBUG:rasa_core.processor:Predicted next action 'utter_issue_fall' with prob 0.81.
DEBUG:rasa_core.processor:Action 'utter_issue_fall' ended with events '[]'
DEBUG:rasa_core.processor:Bot utterance 'BotUttered(text: Okay, I see. Did you, by any chance drop your iPhone?, data: {
  "elements": null,
  "buttons": null,
  "attachment": null
})'
DEBUG:rasa_core.policies.memoization:Current tracker state [{'slot_device_name_0': 1.0, 'slot_notify_problem_0': 1.0, 'slot_model_name_0': 1.0, 'intent_device_model': 1.0, 'entity_model_name': 1.0, 'prev_action_listen': 1.0}, {'slot_device_name_0': 1.0, 'slot_notify_problem_0': 1.0, 'prev_utter_year': 1.0, 'slot_model_name_0': 1.0, 'intent_device_model': 1.0, 'entity_model_name': 1.0}, {'slot_device_name_0': 1.0, 'slot_notify_problem_0': 1.0, 'slot_model_name_0': 1.0, 'intent_buy_year': 1.0, 'prev_action_listen': 1.0}, {'slot_device_name_0': 1.0, 'slot_notify_problem_0': 1.0, 'slot_model_name_0': 1.0, 'prev_utter_issue_damage': 1.0, 'intent_buy_year': 1.0}, {'intent_prob_device_screen': 1.0, 'slot_device_name_0': 1.0, 'slot_notify_problem_0': 1.0, 'slot_model_name_0': 1.0, 'prev_action_listen': 1.0}, {'intent_prob_device_screen': 1.0, 'slot_device_name_0': 1.0, 'slot_notify_problem_0': 1.0, 'slot_model_name_0': 1.0, 'prev_utter_issue_fall': 1.0}]
DEBUG:rasa_core.policies.memoization:There is no memorised next action
DEBUG:rasa_core.policies.form_policy:There is no active form
DEBUG:rasa_core.policies.ensemble:Predicted next action using policy_0_KerasPolicy
DEBUG:rasa_core.processor:Predicted next action 'action_listen' with prob 1.00.
DEBUG:rasa_core.processor:Action 'action_listen' ended with events '[]'
DEBUG:rasa_core.tracker_store:Recreating tracker for id 'UH5N3KP9B'
DEBUG:rasa_core.processor:Received user message 'No' with intent '{'name': 'answer_negative', 'confidence': 0.9508641958236694}' and entities '[]'
DEBUG:rasa_core.processor:Logged UserUtterance - tracker now has 35 events
DEBUG:rasa_core.processor:Current slot values: 
	device_name: iPhone
	model_name: iPhone 5s
	notify_problem: problem
	problem_type: None
DEBUG:rasa_core.policies.memoization:Current tracker state [{'slot_device_name_0': 1.0, 'slot_notify_problem_0': 1.0, 'prev_utter_year': 1.0, 'slot_model_name_0': 1.0, 'intent_device_model': 1.0, 'entity_model_name': 1.0}, {'slot_device_name_0': 1.0, 'slot_notify_problem_0': 1.0, 'slot_model_name_0': 1.0, 'intent_buy_year': 1.0, 'prev_action_listen': 1.0}, {'slot_device_name_0': 1.0, 'slot_notify_problem_0': 1.0, 'slot_model_name_0': 1.0, 'prev_utter_issue_damage': 1.0, 'intent_buy_year': 1.0}, {'intent_prob_device_screen': 1.0, 'slot_device_name_0': 1.0, 'slot_notify_problem_0': 1.0, 'slot_model_name_0': 1.0, 'prev_action_listen': 1.0}, {'intent_prob_device_screen': 1.0, 'slot_device_name_0': 1.0, 'slot_notify_problem_0': 1.0, 'slot_model_name_0': 1.0, 'prev_utter_issue_fall': 1.0}, {'intent_answer_negative': 1.0, 'slot_device_name_0': 1.0, 'slot_notify_problem_0': 1.0, 'slot_model_name_0': 1.0, 'prev_action_listen': 1.0}]
DEBUG:rasa_core.policies.memoization:There is no memorised next action
DEBUG:rasa_core.policies.form_policy:There is no active form
DEBUG:rasa_core.policies.ensemble:Predicted next action using policy_0_KerasPolicy
DEBUG:rasa_core.processor:Predicted next action 'utter_issue_stamp' with prob 0.56.
DEBUG:rasa_core.processor:Action 'utter_issue_stamp' ended with events '[]'
DEBUG:rasa_core.processor:Bot utterance 'BotUttered(text: Do you recall if someone has stamped on your iPhone., data: {
  "elements": null,
  "buttons": null,
  "attachment": null
})'
DEBUG:rasa_core.policies.memoization:Current tracker state [{'slot_device_name_0': 1.0, 'slot_notify_problem_0': 1.0, 'slot_model_name_0': 1.0, 'intent_buy_year': 1.0, 'prev_action_listen': 1.0}, {'slot_device_name_0': 1.0, 'slot_notify_problem_0': 1.0, 'slot_model_name_0': 1.0, 'prev_utter_issue_damage': 1.0, 'intent_buy_year': 1.0}, {'intent_prob_device_screen': 1.0, 'slot_device_name_0': 1.0, 'slot_notify_problem_0': 1.0, 'slot_model_name_0': 1.0, 'prev_action_listen': 1.0}, {'intent_prob_device_screen': 1.0, 'slot_device_name_0': 1.0, 'slot_notify_problem_0': 1.0, 'slot_model_name_0': 1.0, 'prev_utter_issue_fall': 1.0}, {'intent_answer_negative': 1.0, 'slot_device_name_0': 1.0, 'slot_notify_problem_0': 1.0, 'slot_model_name_0': 1.0, 'prev_action_listen': 1.0}, {'intent_answer_negative': 1.0, 'slot_device_name_0': 1.0, 'slot_notify_problem_0': 1.0, 'prev_utter_issue_stamp': 1.0, 'slot_model_name_0': 1.0}]
DEBUG:rasa_core.policies.memoization:There is no memorised next action
DEBUG:rasa_core.policies.form_policy:There is no active form
DEBUG:rasa_core.policies.ensemble:Predicted next action using policy_0_KerasPolicy
DEBUG:rasa_core.processor:Predicted next action 'action_listen' with prob 1.00.
DEBUG:rasa_core.processor:Action 'action_listen' ended with events '[]'
DEBUG:rasa_core.tracker_store:Recreating tracker for id 'UH5N3KP9B'
DEBUG:rasa_core.processor:Received user message 'No' with intent '{'name': 'answer_negative', 'confidence': 0.9508641958236694}' and entities '[]'
DEBUG:rasa_core.processor:Logged UserUtterance - tracker now has 39 events
DEBUG:rasa_core.processor:Current slot values: 
	device_name: iPhone
	model_name: iPhone 5s
	notify_problem: problem
	problem_type: None
DEBUG:rasa_core.policies.memoization:Current tracker state [{'slot_device_name_0': 1.0, 'slot_notify_problem_0': 1.0, 'slot_model_name_0': 1.0, 'prev_utter_issue_damage': 1.0, 'intent_buy_year': 1.0}, {'intent_prob_device_screen': 1.0, 'slot_device_name_0': 1.0, 'slot_notify_problem_0': 1.0, 'slot_model_name_0': 1.0, 'prev_action_listen': 1.0}, {'intent_prob_device_screen': 1.0, 'slot_device_name_0': 1.0, 'slot_notify_problem_0': 1.0, 'slot_model_name_0': 1.0, 'prev_utter_issue_fall': 1.0}, {'intent_answer_negative': 1.0, 'slot_device_name_0': 1.0, 'slot_notify_problem_0': 1.0, 'slot_model_name_0': 1.0, 'prev_action_listen': 1.0}, {'intent_answer_negative': 1.0, 'slot_device_name_0': 1.0, 'slot_notify_problem_0': 1.0, 'prev_utter_issue_stamp': 1.0, 'slot_model_name_0': 1.0}, {'intent_answer_negative': 1.0, 'slot_device_name_0': 1.0, 'slot_notify_problem_0': 1.0, 'slot_model_name_0': 1.0, 'prev_action_listen': 1.0}]
DEBUG:rasa_core.policies.memoization:There is no memorised next action
DEBUG:rasa_core.policies.form_policy:There is no active form
DEBUG:rasa_core.policies.ensemble:Predicted next action using policy_0_KerasPolicy
DEBUG:rasa_core.processor:Predicted next action 'utter_device_charged' with prob 1.00.
DEBUG:rasa_core.processor:Action 'utter_device_charged' ended with events '[]'
DEBUG:rasa_core.processor:Bot utterance 'BotUttered(text: Ok, Let me do my best. Can you please put your iPhone on charge, data: {
  "elements": null,
  "buttons": null,
  "attachment": null
})'
DEBUG:rasa_core.policies.memoization:Current tracker state [{'intent_prob_device_screen': 1.0, 'slot_device_name_0': 1.0, 'slot_notify_problem_0': 1.0, 'slot_model_name_0': 1.0, 'prev_action_listen': 1.0}, {'intent_prob_device_screen': 1.0, 'slot_device_name_0': 1.0, 'slot_notify_problem_0': 1.0, 'slot_model_name_0': 1.0, 'prev_utter_issue_fall': 1.0}, {'intent_answer_negative': 1.0, 'slot_device_name_0': 1.0, 'slot_notify_problem_0': 1.0, 'slot_model_name_0': 1.0, 'prev_action_listen': 1.0}, {'intent_answer_negative': 1.0, 'slot_device_name_0': 1.0, 'slot_notify_problem_0': 1.0, 'prev_utter_issue_stamp': 1.0, 'slot_model_name_0': 1.0}, {'intent_answer_negative': 1.0, 'slot_device_name_0': 1.0, 'slot_notify_problem_0': 1.0, 'slot_model_name_0': 1.0, 'prev_action_listen': 1.0}, {'intent_answer_negative': 1.0, 'slot_device_name_0': 1.0, 'slot_notify_problem_0': 1.0, 'slot_model_name_0': 1.0, 'prev_utter_device_charged': 1.0}]
DEBUG:rasa_core.policies.memoization:There is no memorised next action
DEBUG:rasa_core.policies.form_policy:There is no active form
DEBUG:rasa_core.policies.ensemble:Predicted next action using policy_0_KerasPolicy
DEBUG:rasa_core.processor:Predicted next action 'action_listen' with prob 1.00.
DEBUG:rasa_core.processor:Action 'action_listen' ended with events '[]'
DEBUG:rasa_core.tracker_store:Recreating tracker for id 'UH5N3KP9B'
DEBUG:rasa_core.processor:Received user message 'LEt me do so' with intent '{'name': 'alt_reply', 'confidence': 0.9589030742645264}' and entities '[]'
DEBUG:rasa_core.processor:Logged UserUtterance - tracker now has 43 events
DEBUG:rasa_core.processor:Current slot values: 
	device_name: iPhone
	model_name: iPhone 5s
	notify_problem: problem
	problem_type: None
DEBUG:rasa_core.policies.memoization:Current tracker state [{'intent_prob_device_screen': 1.0, 'slot_device_name_0': 1.0, 'slot_notify_problem_0': 1.0, 'slot_model_name_0': 1.0, 'prev_utter_issue_fall': 1.0}, {'intent_answer_negative': 1.0, 'slot_device_name_0': 1.0, 'slot_notify_problem_0': 1.0, 'slot_model_name_0': 1.0, 'prev_action_listen': 1.0}, {'intent_answer_negative': 1.0, 'slot_device_name_0': 1.0, 'slot_notify_problem_0': 1.0, 'prev_utter_issue_stamp': 1.0, 'slot_model_name_0': 1.0}, {'intent_answer_negative': 1.0, 'slot_device_name_0': 1.0, 'slot_notify_problem_0': 1.0, 'slot_model_name_0': 1.0, 'prev_action_listen': 1.0}, {'intent_answer_negative': 1.0, 'slot_device_name_0': 1.0, 'slot_notify_problem_0': 1.0, 'slot_model_name_0': 1.0, 'prev_utter_device_charged': 1.0}, {'slot_device_name_0': 1.0, 'slot_notify_problem_0': 1.0, 'slot_model_name_0': 1.0, 'prev_action_listen': 1.0, 'intent_alt_reply': 1.0}]
DEBUG:rasa_core.policies.memoization:There is no memorised next action
DEBUG:rasa_core.policies.form_policy:There is no active form
DEBUG:rasa_core.policies.ensemble:Predicted next action using policy_0_KerasPolicy
DEBUG:rasa_core.processor:Predicted next action 'utter_restart' with prob 1.00.
DEBUG:rasa_core.processor:Action 'utter_restart' ended with events '[]'
DEBUG:rasa_core.processor:Bot utterance 'BotUttered(text: While your iPhone is charging, Please hold on your power button and press your home button., data: {
  "elements": null,
  "buttons": null,
  "attachment": null
})'
DEBUG:rasa_core.policies.memoization:Current tracker state [{'intent_answer_negative': 1.0, 'slot_device_name_0': 1.0, 'slot_notify_problem_0': 1.0, 'slot_model_name_0': 1.0, 'prev_action_listen': 1.0}, {'intent_answer_negative': 1.0, 'slot_device_name_0': 1.0, 'slot_notify_problem_0': 1.0, 'prev_utter_issue_stamp': 1.0, 'slot_model_name_0': 1.0}, {'intent_answer_negative': 1.0, 'slot_device_name_0': 1.0, 'slot_notify_problem_0': 1.0, 'slot_model_name_0': 1.0, 'prev_action_listen': 1.0}, {'intent_answer_negative': 1.0, 'slot_device_name_0': 1.0, 'slot_notify_problem_0': 1.0, 'slot_model_name_0': 1.0, 'prev_utter_device_charged': 1.0}, {'slot_device_name_0': 1.0, 'slot_notify_problem_0': 1.0, 'slot_model_name_0': 1.0, 'prev_action_listen': 1.0, 'intent_alt_reply': 1.0}, {'slot_device_name_0': 1.0, 'slot_notify_problem_0': 1.0, 'slot_model_name_0': 1.0, 'prev_utter_restart': 1.0, 'intent_alt_reply': 1.0}]
DEBUG:rasa_core.policies.memoization:There is no memorised next action
DEBUG:rasa_core.policies.form_policy:There is no active form
DEBUG:rasa_core.policies.ensemble:Predicted next action using policy_0_KerasPolicy
DEBUG:rasa_core.processor:Predicted next action 'utter_restart_outcome' with prob 1.00.
DEBUG:rasa_core.processor:Action 'utter_restart_outcome' ended with events '[]'
DEBUG:rasa_core.processor:Bot utterance 'BotUttered(text: Once your iPhone starts let me know if you can see anything on the screen, data: {
  "elements": null,
  "buttons": null,
  "attachment": null
})'
DEBUG:rasa_core.policies.memoization:Current tracker state [{'intent_answer_negative': 1.0, 'slot_device_name_0': 1.0, 'slot_notify_problem_0': 1.0, 'prev_utter_issue_stamp': 1.0, 'slot_model_name_0': 1.0}, {'intent_answer_negative': 1.0, 'slot_device_name_0': 1.0, 'slot_notify_problem_0': 1.0, 'slot_model_name_0': 1.0, 'prev_action_listen': 1.0}, {'intent_answer_negative': 1.0, 'slot_device_name_0': 1.0, 'slot_notify_problem_0': 1.0, 'slot_model_name_0': 1.0, 'prev_utter_device_charged': 1.0}, {'slot_device_name_0': 1.0, 'slot_notify_problem_0': 1.0, 'slot_model_name_0': 1.0, 'prev_action_listen': 1.0, 'intent_alt_reply': 1.0}, {'slot_device_name_0': 1.0, 'slot_notify_problem_0': 1.0, 'slot_model_name_0': 1.0, 'prev_utter_restart': 1.0, 'intent_alt_reply': 1.0}, {'slot_device_name_0': 1.0, 'slot_notify_problem_0': 1.0, 'slot_model_name_0': 1.0, 'prev_utter_restart_outcome': 1.0, 'intent_alt_reply': 1.0}]
DEBUG:rasa_core.policies.memoization:There is no memorised next action
DEBUG:rasa_core.policies.form_policy:There is no active form
DEBUG:rasa_core.policies.ensemble:Predicted next action using policy_0_KerasPolicy
DEBUG:rasa_core.processor:Predicted next action 'action_listen' with prob 1.00.
DEBUG:rasa_core.processor:Action 'action_listen' ended with events '[]'
DEBUG:rasa_core.tracker_store:Recreating tracker for id 'UH5N3KP9B'
DEBUG:rasa_core.processor:Received user message 'Ohh Wao, I can see the display' with intent '{'name': 'answer_screen_positive', 'confidence': 0.9579401016235352}' and entities '[]'
DEBUG:rasa_core.processor:Logged UserUtterance - tracker now has 49 events
DEBUG:rasa_core.processor:Current slot values: 
	device_name: iPhone
	model_name: iPhone 5s
	notify_problem: problem
	problem_type: None
DEBUG:rasa_core.policies.memoization:Current tracker state [{'intent_answer_negative': 1.0, 'slot_device_name_0': 1.0, 'slot_notify_problem_0': 1.0, 'slot_model_name_0': 1.0, 'prev_action_listen': 1.0}, {'intent_answer_negative': 1.0, 'slot_device_name_0': 1.0, 'slot_notify_problem_0': 1.0, 'slot_model_name_0': 1.0, 'prev_utter_device_charged': 1.0}, {'slot_device_name_0': 1.0, 'slot_notify_problem_0': 1.0, 'slot_model_name_0': 1.0, 'prev_action_listen': 1.0, 'intent_alt_reply': 1.0}, {'slot_device_name_0': 1.0, 'slot_notify_problem_0': 1.0, 'slot_model_name_0': 1.0, 'prev_utter_restart': 1.0, 'intent_alt_reply': 1.0}, {'slot_device_name_0': 1.0, 'slot_notify_problem_0': 1.0, 'slot_model_name_0': 1.0, 'prev_utter_restart_outcome': 1.0, 'intent_alt_reply': 1.0}, {'slot_device_name_0': 1.0, 'slot_notify_problem_0': 1.0, 'slot_model_name_0': 1.0, 'prev_action_listen': 1.0, 'intent_answer_screen_positive': 1.0}]
DEBUG:rasa_core.policies.memoization:There is no memorised next action
DEBUG:rasa_core.policies.form_policy:There is no active form
DEBUG:rasa_core.policies.ensemble:Predicted next action using policy_0_KerasPolicy
DEBUG:rasa_core.processor:Predicted next action 'utter_issue_resolution' with prob 1.00.
DEBUG:rasa_core.processor:Action 'utter_issue_resolution' ended with events '[]'
DEBUG:rasa_core.processor:Bot utterance 'BotUttered(text: Great, looks like your iPhone got hanged., data: {
  "elements": null,
  "buttons": null,
  "attachment": null
})'
DEBUG:rasa_core.policies.memoization:Current tracker state [{'intent_answer_negative': 1.0, 'slot_device_name_0': 1.0, 'slot_notify_problem_0': 1.0, 'slot_model_name_0': 1.0, 'prev_utter_device_charged': 1.0}, {'slot_device_name_0': 1.0, 'slot_notify_problem_0': 1.0, 'slot_model_name_0': 1.0, 'prev_action_listen': 1.0, 'intent_alt_reply': 1.0}, {'slot_device_name_0': 1.0, 'slot_notify_problem_0': 1.0, 'slot_model_name_0': 1.0, 'prev_utter_restart': 1.0, 'intent_alt_reply': 1.0}, {'slot_device_name_0': 1.0, 'slot_notify_problem_0': 1.0, 'slot_model_name_0': 1.0, 'prev_utter_restart_outcome': 1.0, 'intent_alt_reply': 1.0}, {'slot_device_name_0': 1.0, 'slot_notify_problem_0': 1.0, 'slot_model_name_0': 1.0, 'prev_action_listen': 1.0, 'intent_answer_screen_positive': 1.0}, {'slot_device_name_0': 1.0, 'slot_notify_problem_0': 1.0, 'slot_model_name_0': 1.0, 'prev_utter_issue_resolution': 1.0, 'intent_answer_screen_positive': 1.0}]
DEBUG:rasa_core.policies.memoization:There is no memorised next action
DEBUG:rasa_core.policies.form_policy:There is no active form
DEBUG:rasa_core.policies.ensemble:Predicted next action using policy_0_KerasPolicy
DEBUG:rasa_core.processor:Predicted next action 'utter_glad' with prob 1.00.
DEBUG:rasa_core.processor:Action 'utter_glad' ended with events '[]'
DEBUG:rasa_core.processor:Bot utterance 'BotUttered(text: I'm happy to resolve your issue, data: {
  "elements": null,
  "buttons": null,
  "attachment": null
})'
DEBUG:rasa_core.policies.memoization:Current tracker state [{'slot_device_name_0': 1.0, 'slot_notify_problem_0': 1.0, 'slot_model_name_0': 1.0, 'prev_action_listen': 1.0, 'intent_alt_reply': 1.0}, {'slot_device_name_0': 1.0, 'slot_notify_problem_0': 1.0, 'slot_model_name_0': 1.0, 'prev_utter_restart': 1.0, 'intent_alt_reply': 1.0}, {'slot_device_name_0': 1.0, 'slot_notify_problem_0': 1.0, 'slot_model_name_0': 1.0, 'prev_utter_restart_outcome': 1.0, 'intent_alt_reply': 1.0}, {'slot_device_name_0': 1.0, 'slot_notify_problem_0': 1.0, 'slot_model_name_0': 1.0, 'prev_action_listen': 1.0, 'intent_answer_screen_positive': 1.0}, {'slot_device_name_0': 1.0, 'slot_notify_problem_0': 1.0, 'slot_model_name_0': 1.0, 'prev_utter_issue_resolution': 1.0, 'intent_answer_screen_positive': 1.0}, {'slot_device_name_0': 1.0, 'slot_notify_problem_0': 1.0, 'prev_utter_glad': 1.0, 'slot_model_name_0': 1.0, 'intent_answer_screen_positive': 1.0}]
DEBUG:rasa_core.policies.memoization:There is no memorised next action
DEBUG:rasa_core.policies.form_policy:There is no active form
DEBUG:rasa_core.policies.ensemble:Predicted next action using policy_0_KerasPolicy
DEBUG:rasa_core.processor:Predicted next action 'utter_anything_else' with prob 1.00.
DEBUG:rasa_core.processor:Action 'utter_anything_else' ended with events '[]'
DEBUG:rasa_core.processor:Bot utterance 'BotUttered(text: Is there anything else I can help you with?, data: {
  "elements": null,
  "buttons": null,
  "attachment": null
})'
DEBUG:rasa_core.policies.memoization:Current tracker state [{'slot_device_name_0': 1.0, 'slot_notify_problem_0': 1.0, 'slot_model_name_0': 1.0, 'prev_utter_restart': 1.0, 'intent_alt_reply': 1.0}, {'slot_device_name_0': 1.0, 'slot_notify_problem_0': 1.0, 'slot_model_name_0': 1.0, 'prev_utter_restart_outcome': 1.0, 'intent_alt_reply': 1.0}, {'slot_device_name_0': 1.0, 'slot_notify_problem_0': 1.0, 'slot_model_name_0': 1.0, 'prev_action_listen': 1.0, 'intent_answer_screen_positive': 1.0}, {'slot_device_name_0': 1.0, 'slot_notify_problem_0': 1.0, 'slot_model_name_0': 1.0, 'prev_utter_issue_resolution': 1.0, 'intent_answer_screen_positive': 1.0}, {'slot_device_name_0': 1.0, 'slot_notify_problem_0': 1.0, 'prev_utter_glad': 1.0, 'slot_model_name_0': 1.0, 'intent_answer_screen_positive': 1.0}, {'slot_device_name_0': 1.0, 'slot_notify_problem_0': 1.0, 'slot_model_name_0': 1.0, 'prev_utter_anything_else': 1.0, 'intent_answer_screen_positive': 1.0}]
DEBUG:rasa_core.policies.memoization:There is no memorised next action
DEBUG:rasa_core.policies.form_policy:There is no active form
DEBUG:rasa_core.policies.ensemble:Predicted next action using policy_0_KerasPolicy
DEBUG:rasa_core.processor:Predicted next action 'action_listen' with prob 1.00.
DEBUG:rasa_core.processor:Action 'action_listen' ended with events '[]'
DEBUG:rasa_core.tracker_store:Recreating tracker for id 'UH5N3KP9B'
DEBUG:rasa_core.processor:Received user message 'No, thanks for your help' with intent '{'name': 'bye', 'confidence': 0.8263920545578003}' and entities '[]'
DEBUG:rasa_core.processor:Logged UserUtterance - tracker now has 57 events
DEBUG:rasa_core.processor:Current slot values: 
	device_name: iPhone
	model_name: iPhone 5s
	notify_problem: problem
	problem_type: None
DEBUG:rasa_core.policies.memoization:Current tracker state [{'slot_device_name_0': 1.0, 'slot_notify_problem_0': 1.0, 'slot_model_name_0': 1.0, 'prev_utter_restart_outcome': 1.0, 'intent_alt_reply': 1.0}, {'slot_device_name_0': 1.0, 'slot_notify_problem_0': 1.0, 'slot_model_name_0': 1.0, 'prev_action_listen': 1.0, 'intent_answer_screen_positive': 1.0}, {'slot_device_name_0': 1.0, 'slot_notify_problem_0': 1.0, 'slot_model_name_0': 1.0, 'prev_utter_issue_resolution': 1.0, 'intent_answer_screen_positive': 1.0}, {'slot_device_name_0': 1.0, 'slot_notify_problem_0': 1.0, 'prev_utter_glad': 1.0, 'slot_model_name_0': 1.0, 'intent_answer_screen_positive': 1.0}, {'slot_device_name_0': 1.0, 'slot_notify_problem_0': 1.0, 'slot_model_name_0': 1.0, 'prev_utter_anything_else': 1.0, 'intent_answer_screen_positive': 1.0}, {'slot_device_name_0': 1.0, 'slot_notify_problem_0': 1.0, 'slot_model_name_0': 1.0, 'prev_action_listen': 1.0, 'intent_bye': 1.0}]
DEBUG:rasa_core.policies.memoization:There is no memorised next action
DEBUG:rasa_core.policies.form_policy:There is no active form
DEBUG:rasa_core.policies.ensemble:Predicted next action using policy_0_KerasPolicy
DEBUG:rasa_core.processor:Predicted next action 'utter_bye' with prob 1.00.
DEBUG:rasa_core.processor:Action 'utter_bye' ended with events '[]'
DEBUG:rasa_core.processor:Bot utterance 'BotUttered(text: Thank you and have a nice day, data: {
  "elements": null,
  "buttons": null,
  "attachment": null
})'
DEBUG:rasa_core.policies.memoization:Current tracker state [{'slot_device_name_0': 1.0, 'slot_notify_problem_0': 1.0, 'slot_model_name_0': 1.0, 'prev_action_listen': 1.0, 'intent_answer_screen_positive': 1.0}, {'slot_device_name_0': 1.0, 'slot_notify_problem_0': 1.0, 'slot_model_name_0': 1.0, 'prev_utter_issue_resolution': 1.0, 'intent_answer_screen_positive': 1.0}, {'slot_device_name_0': 1.0, 'slot_notify_problem_0': 1.0, 'prev_utter_glad': 1.0, 'slot_model_name_0': 1.0, 'intent_answer_screen_positive': 1.0}, {'slot_device_name_0': 1.0, 'slot_notify_problem_0': 1.0, 'slot_model_name_0': 1.0, 'prev_utter_anything_else': 1.0, 'intent_answer_screen_positive': 1.0}, {'slot_device_name_0': 1.0, 'slot_notify_problem_0': 1.0, 'slot_model_name_0': 1.0, 'prev_action_listen': 1.0, 'intent_bye': 1.0}, {'slot_device_name_0': 1.0, 'slot_notify_problem_0': 1.0, 'prev_utter_bye': 1.0, 'slot_model_name_0': 1.0, 'intent_bye': 1.0}]
DEBUG:rasa_core.policies.memoization:There is no memorised next action
DEBUG:rasa_core.policies.form_policy:There is no active form
DEBUG:rasa_core.policies.ensemble:Predicted next action using policy_0_KerasPolicy
DEBUG:rasa_core.processor:Predicted next action 'action_listen' with prob 1.00.
DEBUG:rasa_core.processor:Action 'action_listen' ended with events '[]'
DEBUG:rasa_core.training.generator:Generated trackers will be deduplicated based on their unique last 6 states.
DEBUG:rasa_core.training.generator:Number of augmentation rounds is 3
DEBUG:rasa_core.training.generator:Starting data generation round 0 ... (with 1 trackers)
DEBUG:rasa_core.training.generator:Finished phase (15 training samples found).
DEBUG:rasa_core.training.generator:Data generation rounds finished.
DEBUG:rasa_core.training.generator:Found 0 unused checkpoints
DEBUG:rasa_core.training.generator:Starting augmentation round 0 ... (with 15 trackers)
DEBUG:rasa_core.training.generator:Finished phase (240 training samples found).
DEBUG:rasa_core.training.generator:Starting augmentation round 1 ... (with 20 trackers)
DEBUG:rasa_core.training.generator:Finished phase (540 training samples found).
DEBUG:rasa_core.training.generator:Starting augmentation round 2 ... (with 20 trackers)
DEBUG:rasa_core.training.generator:Finished phase (795 training samples found).
DEBUG:rasa_core.training.generator:Found 795 training trackers.
DEBUG:rasa_core.agent:Agent trainer got kwargs: {}
DEBUG:rasa_core.featurizers:Creating states and action examples from collected trackers (by MaxHistoryTrackerFeaturizer(BinarySingleStateFeaturizer))...
DEBUG:rasa_core.featurizers:Created 1637 action examples.
DEBUG:rasa_core.policies.keras_policy:None
INFO:rasa_core.policies.keras_policy:Fitting model with 1637 total samples and a validation split of 0.1
DEBUG:rasa_core.policies.policy:Parameters ignored by `model.fit(...)`: {}
INFO:rasa_core.policies.keras_policy:Done fitting keras policy model
DEBUG:rasa_core.featurizers:Creating states and action examples from collected trackers (by MaxHistoryTrackerFeaturizer(SingleStateFeaturizer))...
DEBUG:rasa_core.featurizers:Created 1637 action examples.
DEBUG:rasa_core.policies.memoization:Memorized 1629 unique examples.
DEBUG:rasa_core.featurizers:Creating states and action examples from collected trackers (by MaxHistoryTrackerFeaturizer(SingleStateFeaturizer))...
DEBUG:rasa_core.featurizers:Created 447 action examples.
DEBUG:rasa_core.policies.memoization:Memorized 0 unique examples.
INFO:rasa_core.agent:Model directory ./models/dialogue exists and contains old model files. All files will be overwritten.
INFO:rasa_core.agent:Persisted model to '/Users/romiljain/applications/chatbot/ibot/models/dialogue'
INFO:tensorflow:Restoring parameters from ./models/current/nlu/intent_classifier_tensorflow_embedding.ckpt
DEBUG:rasa_core.tracker_store:Creating a new tracker for id 'UH5N3KP9B'.
DEBUG:rasa_core.processor:Received user message 'Bye' with intent '{'name': 'thanks', 'confidence': 0.9550347328186035}' and entities '[]'
DEBUG:rasa_core.processor:Logged UserUtterance - tracker now has 2 events
DEBUG:rasa_core.processor:Current slot values: 
	device_name: None
	model_name: None
	notify_problem: None
	problem_type: None
DEBUG:rasa_core.policies.memoization:Current tracker state [None, None, None, None, {}, {'intent_thanks': 1.0, 'prev_action_listen': 1.0}]
DEBUG:rasa_core.policies.memoization:There is a memorised next action '26'
DEBUG:rasa_core.policies.form_policy:There is no active form
DEBUG:rasa_core.policies.ensemble:Predicted next action using policy_1_MemoizationPolicy
DEBUG:rasa_core.processor:Predicted next action 'utter_thanks' with prob 1.00.
DEBUG:rasa_core.processor:Action 'utter_thanks' ended with events '[]'
DEBUG:rasa_core.processor:Bot utterance 'BotUttered(text: Thank you and have a nice day, data: {
  "elements": null,
  "buttons": null,
  "attachment": null
})'
DEBUG:rasa_core.policies.memoization:Current tracker state [None, None, None, {}, {'intent_thanks': 1.0, 'prev_action_listen': 1.0}, {'intent_thanks': 1.0, 'prev_utter_thanks': 1.0}]
DEBUG:rasa_core.policies.memoization:There is a memorised next action '0'
DEBUG:rasa_core.policies.form_policy:There is no active form
DEBUG:rasa_core.policies.ensemble:Predicted next action using policy_1_MemoizationPolicy
DEBUG:rasa_core.processor:Predicted next action 'action_listen' with prob 1.00.
DEBUG:rasa_core.processor:Action 'action_listen' ended with events '[]'
DEBUG:rasa_core.tracker_store:Recreating tracker for id 'UH5N3KP9B'
DEBUG:rasa_core.processor:Received user message 'bbye' with intent '{'name': 'thanks', 'confidence': 0.9651562571525574}' and entities '[]'
DEBUG:rasa_core.processor:Logged UserUtterance - tracker now has 6 events
DEBUG:rasa_core.processor:Current slot values: 
	device_name: None
	model_name: None
	notify_problem: None
	problem_type: None
DEBUG:rasa_core.policies.memoization:Current tracker state [None, None, {}, {'intent_thanks': 1.0, 'prev_action_listen': 1.0}, {'intent_thanks': 1.0, 'prev_utter_thanks': 1.0}, {'intent_thanks': 1.0, 'prev_action_listen': 1.0}]
DEBUG:rasa_core.policies.memoization:There is a memorised next action '26'
DEBUG:rasa_core.policies.form_policy:There is no active form
DEBUG:rasa_core.policies.ensemble:Predicted next action using policy_1_MemoizationPolicy
DEBUG:rasa_core.processor:Predicted next action 'utter_thanks' with prob 1.00.
DEBUG:rasa_core.processor:Action 'utter_thanks' ended with events '[]'
DEBUG:rasa_core.processor:Bot utterance 'BotUttered(text: Thank you and have a nice day, data: {
  "elements": null,
  "buttons": null,
  "attachment": null
})'
DEBUG:rasa_core.policies.memoization:Current tracker state [None, {}, {'intent_thanks': 1.0, 'prev_action_listen': 1.0}, {'intent_thanks': 1.0, 'prev_utter_thanks': 1.0}, {'intent_thanks': 1.0, 'prev_action_listen': 1.0}, {'intent_thanks': 1.0, 'prev_utter_thanks': 1.0}]
DEBUG:rasa_core.policies.memoization:There is a memorised next action '0'
DEBUG:rasa_core.policies.form_policy:There is no active form
DEBUG:rasa_core.policies.ensemble:Predicted next action using policy_1_MemoizationPolicy
DEBUG:rasa_core.processor:Predicted next action 'action_listen' with prob 1.00.
DEBUG:rasa_core.processor:Action 'action_listen' ended with events '[]'
DEBUG:rasa_core.training.generator:Generated trackers will be deduplicated based on their unique last 6 states.
DEBUG:rasa_core.training.generator:Number of augmentation rounds is 3
DEBUG:rasa_core.training.generator:Starting data generation round 0 ... (with 1 trackers)
DEBUG:rasa_core.training.generator:Finished phase (15 training samples found).
DEBUG:rasa_core.training.generator:Data generation rounds finished.
DEBUG:rasa_core.training.generator:Found 0 unused checkpoints
DEBUG:rasa_core.training.generator:Starting augmentation round 0 ... (with 15 trackers)
DEBUG:rasa_core.training.generator:Finished phase (240 training samples found).
DEBUG:rasa_core.training.generator:Starting augmentation round 1 ... (with 20 trackers)
DEBUG:rasa_core.training.generator:Finished phase (540 training samples found).
DEBUG:rasa_core.training.generator:Starting augmentation round 2 ... (with 20 trackers)
DEBUG:rasa_core.training.generator:Finished phase (795 training samples found).
DEBUG:rasa_core.training.generator:Found 795 training trackers.
DEBUG:rasa_core.agent:Agent trainer got kwargs: {}
DEBUG:rasa_core.featurizers:Creating states and action examples from collected trackers (by MaxHistoryTrackerFeaturizer(BinarySingleStateFeaturizer))...
DEBUG:rasa_core.featurizers:Created 1637 action examples.
DEBUG:rasa_core.policies.keras_policy:None
INFO:rasa_core.policies.keras_policy:Fitting model with 1637 total samples and a validation split of 0.1
DEBUG:rasa_core.policies.policy:Parameters ignored by `model.fit(...)`: {}
INFO:rasa_core.policies.keras_policy:Done fitting keras policy model
DEBUG:rasa_core.featurizers:Creating states and action examples from collected trackers (by MaxHistoryTrackerFeaturizer(SingleStateFeaturizer))...
DEBUG:rasa_core.featurizers:Created 1637 action examples.
DEBUG:rasa_core.policies.memoization:Memorized 1629 unique examples.
DEBUG:rasa_core.featurizers:Creating states and action examples from collected trackers (by MaxHistoryTrackerFeaturizer(SingleStateFeaturizer))...
DEBUG:rasa_core.featurizers:Created 447 action examples.
DEBUG:rasa_core.policies.memoization:Memorized 0 unique examples.
INFO:rasa_core.agent:Model directory ./models/dialogue exists and contains old model files. All files will be overwritten.
INFO:rasa_core.agent:Persisted model to '/Users/romiljain/applications/chatbot/ibot/models/dialogue'
INFO:tensorflow:Restoring parameters from ./models/current/nlu/intent_classifier_tensorflow_embedding.ckpt
DEBUG:rasa_core.tracker_store:Creating a new tracker for id 'UH5N3KP9B'.
DEBUG:rasa_core.processor:Received user message 'bye' with intent '{'name': 'bye', 'confidence': 0.9652158617973328}' and entities '[]'
DEBUG:rasa_core.processor:Logged UserUtterance - tracker now has 2 events
DEBUG:rasa_core.processor:Current slot values: 
	device_name: None
	model_name: None
	notify_problem: None
	problem_type: None
DEBUG:rasa_core.policies.memoization:Current tracker state [None, None, None, None, {}, {'intent_bye': 1.0, 'prev_action_listen': 1.0}]
DEBUG:rasa_core.policies.memoization:There is a memorised next action '27'
DEBUG:rasa_core.policies.form_policy:There is no active form
DEBUG:rasa_core.policies.ensemble:Predicted next action using policy_1_MemoizationPolicy
DEBUG:rasa_core.processor:Predicted next action 'utter_bye' with prob 1.00.
DEBUG:rasa_core.processor:Action 'utter_bye' ended with events '[]'
DEBUG:rasa_core.processor:Bot utterance 'BotUttered(text: Bbye, data: {
  "elements": null,
  "buttons": null,
  "attachment": null
})'
DEBUG:rasa_core.policies.memoization:Current tracker state [None, None, None, {}, {'intent_bye': 1.0, 'prev_action_listen': 1.0}, {'intent_bye': 1.0, 'prev_utter_bye': 1.0}]
DEBUG:rasa_core.policies.memoization:There is a memorised next action '0'
DEBUG:rasa_core.policies.form_policy:There is no active form
DEBUG:rasa_core.policies.ensemble:Predicted next action using policy_1_MemoizationPolicy
DEBUG:rasa_core.processor:Predicted next action 'action_listen' with prob 1.00.
DEBUG:rasa_core.processor:Action 'action_listen' ended with events '[]'
DEBUG:rasa_core.tracker_store:Recreating tracker for id 'UH5N3KP9B'
DEBUG:rasa_core.processor:Received user message 'Hi' with intent '{'name': 'greet', 'confidence': 0.9362168908119202}' and entities '[]'
DEBUG:rasa_core.processor:Logged UserUtterance - tracker now has 6 events
DEBUG:rasa_core.processor:Current slot values: 
	device_name: None
	model_name: None
	notify_problem: None
	problem_type: None
DEBUG:rasa_core.policies.memoization:Current tracker state [None, None, {}, {'intent_bye': 1.0, 'prev_action_listen': 1.0}, {'intent_bye': 1.0, 'prev_utter_bye': 1.0}, {'intent_greet': 1.0, 'prev_action_listen': 1.0}]
DEBUG:rasa_core.policies.memoization:There is a memorised next action '9'
DEBUG:rasa_core.policies.form_policy:There is no active form
DEBUG:rasa_core.policies.ensemble:Predicted next action using policy_1_MemoizationPolicy
DEBUG:rasa_core.processor:Predicted next action 'utter_greet' with prob 1.00.
DEBUG:rasa_core.processor:Action 'utter_greet' ended with events '[]'
DEBUG:rasa_core.processor:Bot utterance 'BotUttered(text: Hello, How are you doing?, data: {
  "elements": null,
  "buttons": null,
  "attachment": null
})'
DEBUG:rasa_core.policies.memoization:Current tracker state [None, {}, {'intent_bye': 1.0, 'prev_action_listen': 1.0}, {'intent_bye': 1.0, 'prev_utter_bye': 1.0}, {'intent_greet': 1.0, 'prev_action_listen': 1.0}, {'intent_greet': 1.0, 'prev_utter_greet': 1.0}]
DEBUG:rasa_core.policies.memoization:There is a memorised next action '0'
DEBUG:rasa_core.policies.form_policy:There is no active form
DEBUG:rasa_core.policies.ensemble:Predicted next action using policy_1_MemoizationPolicy
DEBUG:rasa_core.processor:Predicted next action 'action_listen' with prob 1.00.
DEBUG:rasa_core.processor:Action 'action_listen' ended with events '[]'
DEBUG:rasa_core.tracker_store:Recreating tracker for id 'UH5N3KP9B'
DEBUG:rasa_core.processor:Received user message 'Bye' with intent '{'name': 'bye', 'confidence': 0.9652158617973328}' and entities '[]'
DEBUG:rasa_core.processor:Logged UserUtterance - tracker now has 10 events
DEBUG:rasa_core.processor:Current slot values: 
	device_name: None
	model_name: None
	notify_problem: None
	problem_type: None
DEBUG:rasa_core.policies.memoization:Current tracker state [{}, {'intent_bye': 1.0, 'prev_action_listen': 1.0}, {'intent_bye': 1.0, 'prev_utter_bye': 1.0}, {'intent_greet': 1.0, 'prev_action_listen': 1.0}, {'intent_greet': 1.0, 'prev_utter_greet': 1.0}, {'intent_bye': 1.0, 'prev_action_listen': 1.0}]
DEBUG:rasa_core.policies.memoization:There is no memorised next action
DEBUG:rasa_core.policies.form_policy:There is no active form
DEBUG:rasa_core.policies.ensemble:Predicted next action using policy_0_KerasPolicy
DEBUG:rasa_core.processor:Predicted next action 'utter_bye' with prob 1.00.
DEBUG:rasa_core.processor:Action 'utter_bye' ended with events '[]'
DEBUG:rasa_core.processor:Bot utterance 'BotUttered(text: Bye, data: {
  "elements": null,
  "buttons": null,
  "attachment": null
})'
DEBUG:rasa_core.policies.memoization:Current tracker state [{'intent_bye': 1.0, 'prev_action_listen': 1.0}, {'intent_bye': 1.0, 'prev_utter_bye': 1.0}, {'intent_greet': 1.0, 'prev_action_listen': 1.0}, {'intent_greet': 1.0, 'prev_utter_greet': 1.0}, {'intent_bye': 1.0, 'prev_action_listen': 1.0}, {'intent_bye': 1.0, 'prev_utter_bye': 1.0}]
DEBUG:rasa_core.policies.memoization:There is no memorised next action
DEBUG:rasa_core.policies.form_policy:There is no active form
DEBUG:rasa_core.policies.ensemble:Predicted next action using policy_0_KerasPolicy
DEBUG:rasa_core.processor:Predicted next action 'action_listen' with prob 1.00.
DEBUG:rasa_core.processor:Action 'action_listen' ended with events '[]'
