INFO:rasa_nlu.training_data.loading:Training data format of ./data/nlu.md is md
INFO:rasa_nlu.training_data.training_data:Training data stats: 
	- intent examples: 91 (13 distinct intents)
	- Found intents: 'fine_ask', 'alt_reply', 'answer_screen_negative', 'prob_device_screen', 'fine_normal', 'device_model', 'greet', 'device_issue', 'buy_year', 'answer_positive', 'answer_screen_positive', 'bye', 'answer_negative'
	- entity examples: 24 (4 distinct entities)
	- found entities: 'notify_problem', 'problem_type', 'device_name', 'model_name'

DEBUG:rasa_nlu.training_data.training_data:Validating training data...
INFO:rasa_nlu.model:Starting to train component tokenizer_whitespace
INFO:rasa_nlu.model:Finished training component.
INFO:rasa_nlu.model:Starting to train component ner_crf
INFO:rasa_nlu.model:Finished training component.
INFO:rasa_nlu.model:Starting to train component ner_synonyms
INFO:rasa_nlu.model:Finished training component.
INFO:rasa_nlu.model:Starting to train component intent_featurizer_count_vectors
INFO:rasa_nlu.model:Finished training component.
INFO:rasa_nlu.model:Starting to train component intent_classifier_tensorflow_embedding
DEBUG:rasa_nlu.classifiers.embedding_intent_classifier:Check if num_neg 20 is smaller than number of intents 13, else set num_neg to the number of intents - 1
INFO:rasa_nlu.classifiers.embedding_intent_classifier:Accuracy is updated every 10 epochs
INFO:rasa_nlu.classifiers.embedding_intent_classifier:Finished training embedding classifier, loss=0.110, train accuracy=1.000
INFO:rasa_nlu.model:Finished training component.
INFO:rasa_nlu.model:Successfully saved model into '/Users/romiljain/applications/chatbot/ibot/models/current/nlu'
INFO:tensorflow:Restoring parameters from /Users/romiljain/applications/chatbot/ibot/./models/current/nlu/intent_classifier_tensorflow_embedding.ckpt
INFO:rasa_nlu.training_data.loading:Training data format of ./data/nlu.md is md
INFO:rasa_nlu.training_data.training_data:Training data stats: 
	- intent examples: 91 (13 distinct intents)
	- Found intents: 'fine_ask', 'alt_reply', 'answer_screen_negative', 'prob_device_screen', 'fine_normal', 'device_model', 'greet', 'device_issue', 'buy_year', 'answer_positive', 'answer_screen_positive', 'bye', 'answer_negative'
	- entity examples: 24 (4 distinct entities)
	- found entities: 'notify_problem', 'problem_type', 'device_name', 'model_name'

DEBUG:rasa_nlu.training_data.training_data:Validating training data...
INFO:rasa_nlu.evaluate:Intent evaluation results:
INFO:rasa_nlu.evaluate:Intent Evaluation: Only considering those 91 examples that have a defined intent out of 91 examples
INFO:rasa_nlu.evaluate:F1-Score:  1.0
INFO:rasa_nlu.evaluate:Precision: 1.0
INFO:rasa_nlu.evaluate:Accuracy:  1.0
INFO:rasa_nlu.evaluate:Classification report: 
                        precision    recall  f1-score   support

             alt_reply       1.00      1.00      1.00         8
       answer_negative       1.00      1.00      1.00         2
       answer_positive       1.00      1.00      1.00         2
answer_screen_negative       1.00      1.00      1.00         6
answer_screen_positive       1.00      1.00      1.00         4
              buy_year       1.00      1.00      1.00        12
                   bye       1.00      1.00      1.00         8
          device_issue       1.00      1.00      1.00         8
          device_model       1.00      1.00      1.00         9
              fine_ask       1.00      1.00      1.00         8
           fine_normal       1.00      1.00      1.00         8
                 greet       1.00      1.00      1.00         9
    prob_device_screen       1.00      1.00      1.00         7

             micro avg       1.00      1.00      1.00        91
             macro avg       1.00      1.00      1.00        91
          weighted avg       1.00      1.00      1.00        91

INFO:rasa_nlu.evaluate:Your model made no errors
INFO:rasa_nlu.evaluate:Entity evaluation results:
INFO:rasa_nlu.evaluate:Evaluation for entity extractor: ner_crf 
INFO:rasa_nlu.evaluate:F1-Score:  0.988529264779375
INFO:rasa_nlu.evaluate:Precision: 0.9908981895820539
INFO:rasa_nlu.evaluate:Accuracy:  0.9908045977011494
INFO:rasa_nlu.evaluate:Classification report: 
                precision    recall  f1-score   support

   device_name       1.00      1.00      1.00        12
    model_name       1.00      1.00      1.00        20
     no_entity       0.99      1.00      0.99       389
notify_problem       1.00      1.00      1.00         8
  problem_type       1.00      0.33      0.50         6

     micro avg       0.99      0.99      0.99       435
     macro avg       1.00      0.87      0.90       435
  weighted avg       0.99      0.99      0.99       435

INFO:tensorflow:Restoring parameters from ./models/current/nlu/intent_classifier_tensorflow_embedding.ckpt
INFO:rasa_nlu.training_data.loading:Training data format of ./data/nlu.md is md
INFO:rasa_nlu.training_data.training_data:Training data stats: 
	- intent examples: 91 (14 distinct intents)
	- Found intents: 'answer_positive', 'alt_reply', 'thanks', 'device_issue', 'answer_negative', 'fine_ask', 'bye', 'fine_normal', 'answer_screen_negative', 'buy_year', 'device_model', 'prob_device_screen', 'greet', 'answer_screen_positive'
	- entity examples: 24 (4 distinct entities)
	- found entities: 'notify_problem', 'problem_type', 'model_name', 'device_name'

DEBUG:rasa_nlu.training_data.training_data:Validating training data...
INFO:rasa_nlu.model:Starting to train component tokenizer_whitespace
INFO:rasa_nlu.model:Finished training component.
INFO:rasa_nlu.model:Starting to train component ner_crf
INFO:rasa_nlu.model:Finished training component.
INFO:rasa_nlu.model:Starting to train component ner_synonyms
INFO:rasa_nlu.model:Finished training component.
INFO:rasa_nlu.model:Starting to train component intent_featurizer_count_vectors
INFO:rasa_nlu.model:Finished training component.
INFO:rasa_nlu.model:Starting to train component intent_classifier_tensorflow_embedding
DEBUG:rasa_nlu.classifiers.embedding_intent_classifier:Check if num_neg 20 is smaller than number of intents 14, else set num_neg to the number of intents - 1
INFO:rasa_nlu.classifiers.embedding_intent_classifier:Accuracy is updated every 10 epochs
INFO:rasa_nlu.classifiers.embedding_intent_classifier:Finished training embedding classifier, loss=0.130, train accuracy=1.000
INFO:rasa_nlu.model:Finished training component.
INFO:rasa_nlu.model:Successfully saved model into '/Users/romiljain/applications/chatbot/ibot/models/current/nlu'
INFO:tensorflow:Restoring parameters from /Users/romiljain/applications/chatbot/ibot/./models/current/nlu/intent_classifier_tensorflow_embedding.ckpt
INFO:rasa_nlu.training_data.loading:Training data format of ./data/nlu.md is md
INFO:rasa_nlu.training_data.training_data:Training data stats: 
	- intent examples: 91 (14 distinct intents)
	- Found intents: 'answer_positive', 'alt_reply', 'thanks', 'device_issue', 'answer_negative', 'fine_ask', 'bye', 'fine_normal', 'answer_screen_negative', 'buy_year', 'device_model', 'prob_device_screen', 'greet', 'answer_screen_positive'
	- entity examples: 24 (4 distinct entities)
	- found entities: 'notify_problem', 'problem_type', 'model_name', 'device_name'

DEBUG:rasa_nlu.training_data.training_data:Validating training data...
INFO:rasa_nlu.evaluate:Intent evaluation results:
INFO:rasa_nlu.evaluate:Intent Evaluation: Only considering those 91 examples that have a defined intent out of 91 examples
INFO:rasa_nlu.evaluate:F1-Score:  1.0
INFO:rasa_nlu.evaluate:Precision: 1.0
INFO:rasa_nlu.evaluate:Accuracy:  1.0
INFO:rasa_nlu.evaluate:Classification report: 
                        precision    recall  f1-score   support

             alt_reply       1.00      1.00      1.00         8
       answer_negative       1.00      1.00      1.00         2
       answer_positive       1.00      1.00      1.00         2
answer_screen_negative       1.00      1.00      1.00         6
answer_screen_positive       1.00      1.00      1.00         4
              buy_year       1.00      1.00      1.00        12
                   bye       1.00      1.00      1.00         6
          device_issue       1.00      1.00      1.00         8
          device_model       1.00      1.00      1.00         9
              fine_ask       1.00      1.00      1.00         8
           fine_normal       1.00      1.00      1.00         8
                 greet       1.00      1.00      1.00         9
    prob_device_screen       1.00      1.00      1.00         7
                thanks       1.00      1.00      1.00         2

             micro avg       1.00      1.00      1.00        91
             macro avg       1.00      1.00      1.00        91
          weighted avg       1.00      1.00      1.00        91

INFO:rasa_nlu.evaluate:Your model made no errors
INFO:rasa_nlu.evaluate:Entity evaluation results:
INFO:rasa_nlu.evaluate:Evaluation for entity extractor: ner_crf 
INFO:rasa_nlu.evaluate:F1-Score:  0.9883961923123268
INFO:rasa_nlu.evaluate:Precision: 0.9907935746823304
INFO:rasa_nlu.evaluate:Accuracy:  0.9906976744186047
INFO:rasa_nlu.evaluate:Classification report: 
                precision    recall  f1-score   support

   device_name       1.00      1.00      1.00        12
    model_name       1.00      1.00      1.00        20
     no_entity       0.99      1.00      0.99       384
notify_problem       1.00      1.00      1.00         8
  problem_type       1.00      0.33      0.50         6

     micro avg       0.99      0.99      0.99       430
     macro avg       1.00      0.87      0.90       430
  weighted avg       0.99      0.99      0.99       430

INFO:tensorflow:Restoring parameters from ./models/current/nlu/intent_classifier_tensorflow_embedding.ckpt
INFO:rasa_nlu.training_data.loading:Training data format of ./data/nlu.md is md
INFO:rasa_nlu.training_data.training_data:Training data stats: 
	- intent examples: 91 (14 distinct intents)
	- Found intents: 'answer_screen_positive', 'thanks', 'prob_device_screen', 'bye', 'fine_normal', 'device_issue', 'greet', 'alt_reply', 'device_model', 'answer_negative', 'fine_ask', 'buy_year', 'answer_screen_negative', 'answer_positive'
	- entity examples: 24 (4 distinct entities)
	- found entities: 'model_name', 'problem_type', 'device_name', 'notify_problem'

DEBUG:rasa_nlu.training_data.training_data:Validating training data...
INFO:rasa_nlu.model:Starting to train component tokenizer_whitespace
INFO:rasa_nlu.model:Finished training component.
INFO:rasa_nlu.model:Starting to train component ner_crf
INFO:rasa_nlu.model:Finished training component.
INFO:rasa_nlu.model:Starting to train component ner_synonyms
INFO:rasa_nlu.model:Finished training component.
INFO:rasa_nlu.model:Starting to train component intent_featurizer_count_vectors
INFO:rasa_nlu.model:Finished training component.
INFO:rasa_nlu.model:Starting to train component intent_classifier_tensorflow_embedding
DEBUG:rasa_nlu.classifiers.embedding_intent_classifier:Check if num_neg 20 is smaller than number of intents 14, else set num_neg to the number of intents - 1
INFO:rasa_nlu.classifiers.embedding_intent_classifier:Accuracy is updated every 10 epochs
INFO:rasa_nlu.classifiers.embedding_intent_classifier:Finished training embedding classifier, loss=0.123, train accuracy=1.000
INFO:rasa_nlu.model:Finished training component.
INFO:rasa_nlu.model:Successfully saved model into '/Users/romiljain/applications/chatbot/ibot/models/current/nlu'
INFO:tensorflow:Restoring parameters from /Users/romiljain/applications/chatbot/ibot/./models/current/nlu/intent_classifier_tensorflow_embedding.ckpt
INFO:rasa_nlu.training_data.loading:Training data format of ./data/nlu.md is md
INFO:rasa_nlu.training_data.training_data:Training data stats: 
	- intent examples: 91 (14 distinct intents)
	- Found intents: 'answer_screen_positive', 'thanks', 'prob_device_screen', 'bye', 'fine_normal', 'device_issue', 'greet', 'alt_reply', 'device_model', 'answer_negative', 'fine_ask', 'buy_year', 'answer_screen_negative', 'answer_positive'
	- entity examples: 24 (4 distinct entities)
	- found entities: 'model_name', 'problem_type', 'device_name', 'notify_problem'

DEBUG:rasa_nlu.training_data.training_data:Validating training data...
INFO:rasa_nlu.evaluate:Intent evaluation results:
INFO:rasa_nlu.evaluate:Intent Evaluation: Only considering those 91 examples that have a defined intent out of 91 examples
INFO:rasa_nlu.evaluate:F1-Score:  1.0
INFO:rasa_nlu.evaluate:Precision: 1.0
INFO:rasa_nlu.evaluate:Accuracy:  1.0
INFO:rasa_nlu.evaluate:Classification report: 
                        precision    recall  f1-score   support

             alt_reply       1.00      1.00      1.00         8
       answer_negative       1.00      1.00      1.00         2
       answer_positive       1.00      1.00      1.00         2
answer_screen_negative       1.00      1.00      1.00         6
answer_screen_positive       1.00      1.00      1.00         4
              buy_year       1.00      1.00      1.00        12
                   bye       1.00      1.00      1.00         2
          device_issue       1.00      1.00      1.00         8
          device_model       1.00      1.00      1.00         9
              fine_ask       1.00      1.00      1.00         8
           fine_normal       1.00      1.00      1.00         8
                 greet       1.00      1.00      1.00         9
    prob_device_screen       1.00      1.00      1.00         7
                thanks       1.00      1.00      1.00         6

             micro avg       1.00      1.00      1.00        91
             macro avg       1.00      1.00      1.00        91
          weighted avg       1.00      1.00      1.00        91

INFO:rasa_nlu.evaluate:Your model made no errors
INFO:rasa_nlu.evaluate:Entity evaluation results:
INFO:rasa_nlu.evaluate:Evaluation for entity extractor: ner_crf 
INFO:rasa_nlu.evaluate:F1-Score:  0.9883961923123268
INFO:rasa_nlu.evaluate:Precision: 0.9907935746823304
INFO:rasa_nlu.evaluate:Accuracy:  0.9906976744186047
INFO:rasa_nlu.evaluate:Classification report: 
                precision    recall  f1-score   support

   device_name       1.00      1.00      1.00        12
    model_name       1.00      1.00      1.00        20
     no_entity       0.99      1.00      0.99       384
notify_problem       1.00      1.00      1.00         8
  problem_type       1.00      0.33      0.50         6

     micro avg       0.99      0.99      0.99       430
     macro avg       1.00      0.87      0.90       430
  weighted avg       0.99      0.99      0.99       430

INFO:tensorflow:Restoring parameters from ./models/current/nlu/intent_classifier_tensorflow_embedding.ckpt
